{
  "RSpec": {
    "coverage": {
      "/Users/aileencacayorin/Desktop/GYR/spec/mailers/teacher_mailer_spec.rb": [
        1,
        null,
        0,
        0,
        0,
        0,
        0,
        null,
        null,
        0,
        0,
        0,
        null,
        null,
        0,
        0,
        0,
        0,
        0,
        null,
        null,
        0,
        0,
        0,
        null,
        null,
        null
      ],
      "/Users/aileencacayorin/Desktop/GYR/spec/rails_helper.rb": [
        null,
        1,
        1,
        null,
        0,
        0,
        0,
        null,
        0,
        0,
        null,
        null,
        null,
        null,
        null,
        null,
        null,
        null,
        null,
        null,
        null,
        null,
        null,
        null,
        null,
        null,
        null,
        0,
        null,
        0,
        null,
        0,
        null,
        null,
        null,
        null,
        0,
        0,
        0,
        null,
        null,
        0,
        0,
        null,
        null,
        0,
        0,
        0,
        null,
        null,
        null,
        null,
        null,
        null,
        null,
        null,
        null,
        null,
        null,
        null,
        null,
        null,
        null,
        null,
        0,
        null,
        null,
        0,
        null,
        null,
        null,
        null,
        0,
        0,
        0,
        0,
        null,
        null
      ],
      "/Users/aileencacayorin/Desktop/GYR/config/environment.rb": [
        null,
        1,
        null,
        null,
        0
      ],
      "/Users/aileencacayorin/Desktop/GYR/config/application.rb": [
        1,
        null,
        0,
        null,
        0,
        0,
        0,
        0,
        0,
        0,
        0,
        null,
        null,
        null,
        null,
        0,
        null,
        0,
        0,
        null,
        null,
        null,
        null,
        null,
        null,
        null,
        null,
        null,
        null,
        null,
        null,
        null,
        0,
        null,
        null
      ],
      "/Users/aileencacayorin/Desktop/GYR/config/boot.rb": [
        1,
        null,
        1
      ]
    },
    "timestamp": 1454915075
  }
}
