{
  "RSpec": {
    "coverage": {
      "/Users/austinkincaid/Desktop/GYR/spec/mailers/teacher_mailer_spec.rb": [
        1,
        null,
        1,
        1,
        1,
        1,
        1,
        1,
        1,
        null,
        3,
        null,
        1,
        1,
        0,
        0,
        null,
        null,
        1,
        1,
        null,
        null,
        null
      ],
      "/Users/austinkincaid/Desktop/GYR/spec/rails_helper.rb": [
        null,
        1,
        1,
        null,
        1,
        1,
        1,
        null,
        1,
        1,
        null,
        null,
        null,
        null,
        null,
        null,
        null,
        null,
        null,
        null,
        null,
        null,
        null,
        null,
        null,
        null,
        null,
        1,
        null,
        1,
        null,
        1,
        null,
        null,
        null,
        null,
        1,
        1,
        1,
        null,
        null,
        1,
        21,
        null,
        null,
        1,
        21,
        21,
        null,
        null,
        null,
        null,
        null,
        null,
        null,
        null,
        null,
        null,
        null,
        null,
        null,
        null,
        null,
        null,
        1,
        null,
        null,
        1,
        null,
        null,
        null,
        null,
        1,
        1,
        1,
        1,
        null,
        null
      ],
      "/Users/austinkincaid/Desktop/GYR/config/environment.rb": [
        null,
        1,
        null,
        null,
        1
      ],
      "/Users/austinkincaid/Desktop/GYR/config/application.rb": [
        1,
        null,
        1,
        null,
        1,
        1,
        1,
        1,
        1,
        1,
        1,
        null,
        null,
        null,
        null,
        1,
        null,
        1,
        1,
        null,
        null,
        null,
        null,
        null,
        null,
        null,
        null,
        null,
        null,
        null,
        null,
        null,
        1,
        null,
        null
      ],
      "/Users/austinkincaid/Desktop/GYR/config/boot.rb": [
        1,
        null,
        1
      ],
      "/Users/austinkincaid/Desktop/GYR/config/environments/test.rb": [
        1,
        null,
        null,
        null,
        null,
        null,
        null,
        1,
        null,
        null,
        null,
        null,
        1,
        null,
        null,
        1,
        1,
        null,
        null,
        1,
        1,
        null,
        null,
        1,
        null,
        null,
        1,
        null,
        null,
        null,
        null,
        1,
        null,
        null,
        1,
        null,
        null,
        1,
        null,
        null,
        null,
        null
      ],
      "/Users/austinkincaid/Desktop/GYR/config/initializers/assets.rb": [
        null,
        null,
        null,
        1,
        null,
        null,
        null,
        null,
        null,
        null,
        null
      ],
      "/Users/austinkincaid/Desktop/GYR/config/initializers/backtrace_silencers.rb": [
        null,
        null,
        null,
        null,
        null,
        null,
        null
      ],
      "/Users/austinkincaid/Desktop/GYR/config/initializers/cookies_serializer.rb": [
        null,
        null,
        1
      ],
      "/Users/austinkincaid/Desktop/GYR/config/initializers/devise.rb": [
        null,
        null,
        1,
        null,
        null,
        null,
        null,
        null,
        null,
        null,
        null,
        null,
        null,
        null,
        1,
        null,
        null,
        null,
        null,
        null,
        null,
        null,
        null,
        1,
        null,
        null,
        null,
        null,
        null,
        null,
        null,
        null,
        null,
        null,
        null,
        null,
        null,
        null,
        null,
        null,
        null,
        null,
        null,
        null,
        null,
        1,
        null,
        null,
        null,
        null,
        1,
        null,
        null,
        null,
        null,
        null,
        null,
        null,
        null,
        null,
        null,
        null,
        null,
        null,
        null,
        null,
        null,
        null,
        null,
        null,
        null,
        null,
        null,
        null,
        null,
        null,
        null,
        null,
        null,
        null,
        null,
        1,
        null,
        null,
        null,
        null,
        null,
        null,
        null,
        null,
        null,
        null,
        null,
        null,
        null,
        null,
        null,
        null,
        1,
        null,
        null,
        null,
        null,
        null,
        null,
        null,
        null,
        null,
        null,
        null,
        null,
        null,
        null,
        null,
        null,
        null,
        null,
        null,
        null,
        null,
        null,
        null,
        null,
        1,
        null,
        null,
        null,
        null,
        null,
        null,
        null,
        null,
        null,
        1,
        null,
        null,
        null,
        null,
        null,
        null,
        null,
        null,
        null,
        null,
        1,
        null,
        null,
        null,
        null,
        null,
        null,
        null,
        null,
        null,
        null,
        null,
        null,
        null,
        null,
        null,
        null,
        null,
        null,
        null,
        null,
        null,
        null,
        null,
        null,
        null,
        null,
        null,
        null,
        null,
        null,
        null,
        null,
        null,
        null,
        null,
        null,
        null,
        null,
        null,
        null,
        null,
        null,
        null,
        null,
        null,
        1,
        null,
        null,
        null,
        null,
        null,
        null,
        null,
        null,
        null,
        null,
        null,
        null,
        null,
        null,
        null,
        null,
        null,
        null,
        null,
        1,
        null,
        null,
        null,
        null,
        null,
        null,
        null,
        null,
        null,
        null,
        null,
        null,
        null,
        null,
        null,
        null,
        null,
        null,
        null,
        null,
        null,
        1,
        null,
        null,
        null,
        null,
        null,
        null,
        null,
        null,
        null,
        null,
        null,
        null,
        null,
        null,
        null,
        null,
        null,
        null,
        null,
        null,
        null,
        null,
        null,
        null,
        null,
        null,
        null,
        null,
        null
      ],
      "/Users/austinkincaid/Desktop/GYR/config/initializers/filter_parameter_logging.rb": [
        null,
        null,
        null,
        1
      ],
      "/Users/austinkincaid/Desktop/GYR/config/initializers/inflections.rb": [
        null,
        null,
        null,
        null,
        null,
        null,
        null,
        null,
        null,
        null,
        null,
        null,
        null,
        null,
        null,
        null
      ],
      "/Users/austinkincaid/Desktop/GYR/config/initializers/mime_types.rb": [
        null,
        null,
        null,
        null
      ],
      "/Users/austinkincaid/Desktop/GYR/config/initializers/session_store.rb": [
        null,
        null,
        1
      ],
      "/Users/austinkincaid/Desktop/GYR/config/initializers/wrap_parameters.rb": [
        null,
        null,
        null,
        null,
        null,
        null,
        1,
        1,
        null,
        null,
        null,
        null,
        null,
        null
      ],
      "/Users/austinkincaid/Desktop/GYR/spec/factories/class_groups.rb": [
        1,
        1,
        1,
        null,
        null
      ],
      "/Users/austinkincaid/Desktop/GYR/spec/factories/daily_summaries.rb": [
        1,
        1,
        1,
        1,
        1,
        null,
        null
      ],
      "/Users/austinkincaid/Desktop/GYR/spec/factories/reports.rb": [
        1,
        1,
        1,
        1,
        1,
        null,
        null
      ],
      "/Users/austinkincaid/Desktop/GYR/spec/factories/students.rb": [
        1,
        1,
        1,
        1,
        1,
        null,
        null
      ],
      "/Users/austinkincaid/Desktop/GYR/spec/factories/users.rb": [
        1,
        1,
        1,
        1,
        1,
        1,
        null,
        null
      ],
      "/Users/austinkincaid/Desktop/GYR/config/routes.rb": [
        1,
        1,
        null,
        null,
        null,
        1,
        null,
        null,
        null,
        1,
        1,
        null,
        null,
        1,
        1,
        1,
        null,
        null,
        1,
        1,
        null,
        null,
        1,
        1,
        null,
        null,
        1,
        null
      ],
      "/Users/austinkincaid/Desktop/GYR/app/models/parent.rb": [
        1,
        1,
        null,
        null,
        1,
        null,
        null,
        null,
        1,
        0,
        0,
        null,
        null
      ],
      "/Users/austinkincaid/Desktop/GYR/app/models/teacher.rb": [
        1,
        null,
        null,
        1,
        null,
        1,
        null,
        1,
        0,
        null,
        null,
        null
      ],
      "/Users/austinkincaid/Desktop/GYR/app/helpers/application_helper.rb": [
        1,
        null
      ],
      "/Users/austinkincaid/Desktop/GYR/app/mailers/teacher_mailer.rb": [
        1,
        null,
        null,
        null,
        null,
        null,
        null,
        1,
        2,
        2,
        2,
        2,
        2,
        null,
        null,
        1,
        null,
        null
      ],
      "/Users/austinkincaid/Desktop/GYR/app/mailers/application_mailer.rb": [
        1,
        1,
        1,
        null
      ],
      "/Users/austinkincaid/Desktop/GYR/app/models/class_group.rb": [
        1,
        1,
        1,
        1,
        null
      ],
      "/Users/austinkincaid/Desktop/GYR/app/models/daily_summary.rb": [
        1,
        1,
        1,
        1,
        1,
        1,
        null
      ],
      "/Users/austinkincaid/Desktop/GYR/app/models/student.rb": [
        1,
        1,
        1,
        1,
        1,
        1,
        1,
        null,
        1,
        1,
        null,
        null
      ],
      "/Users/austinkincaid/Desktop/GYR/app/models/report.rb": [
        1,
        1,
        1,
        1,
        1,
        null
      ],
      "/Users/austinkincaid/Desktop/GYR/spec/models/class_group_spec.rb": [
        1,
        null,
        1,
        2,
        2,
        2,
        null
      ],
      "/Users/austinkincaid/Desktop/GYR/spec/models/daily_summary_spec.rb": [
        1,
        null,
        1,
        2,
        2,
        2,
        2,
        2,
        null
      ],
      "/Users/austinkincaid/Desktop/GYR/spec/models/parent_spec.rb": [
        1,
        null,
        1,
        1,
        null
      ],
      "/Users/austinkincaid/Desktop/GYR/spec/models/report_spec.rb": [
        1,
        null,
        1,
        2,
        2,
        2,
        2,
        null
      ],
      "/Users/austinkincaid/Desktop/GYR/spec/models/student_spec.rb": [
        1,
        null,
        1,
        2,
        2,
        2,
        2,
        2,
        1,
        1,
        1,
        null,
        null
      ],
      "/Users/austinkincaid/Desktop/GYR/spec/models/teacher_spec.rb": [
        1,
        null,
        1,
        2,
        null
      ]
    },
    "timestamp": 1453350623
  }
}
